
[ERROR] [2022-11-23 07:43:52,768] [middleware.21] [3604] [140308829435456] <HttpResponse status_code=200, "text/html; charset=utf-8">
[ERROR] [2022-11-23 07:43:55,299] [middleware.21] [3604] [140308829435456] <HttpResponseNotModified status_code=304>
[ERROR] [2022-11-23 07:44:00,406] [middleware.21] [3604] [140308829435456] <HttpResponseNotFound status_code=404, "text/html; charset=utf-8">
[ERROR] [2022-11-23 07:46:28,173] [middleware.21] [3604] [140308829435456] <HttpResponse status_code=200, "text/html; charset=utf-8">
[ERROR] [2022-11-23 07:46:28,292] [middleware.21] [3604] [140308829435456] <HttpResponseNotFound status_code=404, "text/html; charset=utf-8">
[ERROR] [2022-11-23 07:48:22,285] [middleware.21] [3604] [140308829435456] <HttpResponse status_code=200, "text/html; charset=utf-8">
[ERROR] [2022-11-23 07:48:23,065] [middleware.21] [3604] [140308829435456] <HttpResponse status_code=200, "text/html; charset=utf-8">
[ERROR] [2022-11-23 08:20:17,926] [middleware.21] [3280] [139845388203584] <HttpResponse status_code=200, "text/html; charset=utf-8">
[ERROR] [2022-11-23 08:20:24,899] [middleware.21] [3280] [139845388203584] <HttpResponseNotFound status_code=404, "text/html; charset=utf-8">
[ERROR] [2022-11-23 08:20:29,894] [middleware.21] [3280] [139845388203584] <HttpResponse status_code=200, "text/html; charset=utf-8">
[ERROR] [2022-11-23 08:27:49,712] [middleware.21] [3280] [139845388203584] <HttpResponse status_code=200, "text/html; charset=utf-8">
[ERROR] [2022-11-23 08:27:49,775] [middleware.21] [3280] [139845388203584] <HttpResponseNotFound status_code=404, "text/html; charset=utf-8">
[ERROR] [2022-11-23 08:36:47,189] [middleware.21] [3280] [139845388203584] <HttpResponse status_code=200, "text/html; charset=utf-8">
[ERROR] [2022-11-23 08:36:47,321] [middleware.21] [3280] [139845388203584] <HttpResponseNotFound status_code=404, "text/html; charset=utf-8">
[ERROR] [2022-11-23 08:36:50,687] [middleware.21] [3280] [139845388203584] <HttpResponse status_code=200, "text/html; charset=utf-8">
[ERROR] [2022-11-23 08:42:52,795] [middleware.21] [3280] [139845388203584] <HttpResponse status_code=200, "text/html; charset=utf-8">
[ERROR] [2022-11-23 08:42:53,702] [middleware.21] [3280] [139845388203584] <HttpResponse status_code=200, "text/html; charset=utf-8">
[ERROR] [2022-11-23 08:42:53,878] [middleware.21] [3280] [139845388203584] <HttpResponse status_code=200, "text/html; charset=utf-8">
[ERROR] [2022-11-23 08:42:54,126] [middleware.21] [3280] [139845388203584] <HttpResponse status_code=200, "text/html; charset=utf-8">
[ERROR] [2022-11-23 08:42:54,341] [middleware.21] [3280] [139845388203584] <HttpResponse status_code=200, "text/html; charset=utf-8">
[ERROR] [2022-11-23 08:42:54,449] [middleware.21] [3280] [139845388203584] <HttpResponse status_code=200, "text/html; charset=utf-8">
[ERROR] [2022-11-23 08:43:45,921] [middleware.21] [3280] [139845388203584] <HttpResponse status_code=200, "text/html; charset=utf-8">
[ERROR] [2022-11-23 08:43:46,256] [middleware.21] [3280] [139845388203584] <HttpResponse status_code=200, "text/html; charset=utf-8">
[ERROR] [2022-11-23 08:43:46,344] [middleware.21] [3280] [139845388203584] <HttpResponse status_code=200, "text/html; charset=utf-8">
[ERROR] [2022-11-23 08:43:46,607] [middleware.21] [3280] [139845388203584] <HttpResponse status_code=200, "text/html; charset=utf-8">
[ERROR] [2022-11-23 08:43:46,978] [middleware.21] [3280] [139845388203584] <HttpResponse status_code=200, "text/html; charset=utf-8">
[ERROR] [2022-11-23 08:43:47,419] [middleware.21] [3280] [139845388203584] <HttpResponse status_code=200, "text/html; charset=utf-8">
[ERROR] [2022-11-23 08:48:53,003] [middleware.21] [3280] [139845388203584] <HttpResponse status_code=200, "text/html; charset=utf-8">
[ERROR] [2022-11-23 08:49:20,591] [middleware.21] [3280] [139845388203584] <HttpResponse status_code=200, "text/html; charset=utf-8">
[ERROR] [2022-11-23 08:49:21,689] [middleware.21] [3280] [139845388203584] <HttpResponse status_code=200, "text/html; charset=utf-8">
[ERROR] [2022-11-23 08:49:21,965] [middleware.21] [3280] [139845388203584] <HttpResponse status_code=200, "text/html; charset=utf-8">
[ERROR] [2022-11-23 08:49:59,554] [middleware.21] [3280] [139845388203584] <HttpResponse status_code=200, "text/html; charset=utf-8">
[ERROR] [2022-11-23 08:50:00,623] [middleware.21] [3280] [139845388203584] <HttpResponse status_code=200, "text/html; charset=utf-8">
[ERROR] [2022-11-23 08:50:20,361] [middleware.21] [3280] [139845388203584] <HttpResponse status_code=200, "text/html; charset=utf-8">
[ERROR] [2022-11-23 08:50:20,907] [middleware.21] [3280] [139845388203584] <HttpResponse status_code=200, "text/html; charset=utf-8">
[ERROR] [2022-11-23 08:50:21,143] [middleware.21] [3280] [139845388203584] <HttpResponse status_code=200, "text/html; charset=utf-8">
[ERROR] [2022-11-23 08:50:21,280] [middleware.21] [3280] [139845388203584] <HttpResponse status_code=200, "text/html; charset=utf-8">
[ERROR] [2022-11-23 08:55:23,036] [middleware.21] [4998] [139927010408000] <HttpResponse status_code=200, "text/html; charset=utf-8">
[ERROR] [2022-11-23 08:56:14,403] [middleware.21] [5142] [139753055843904] <HttpResponse status_code=200, "text/html; charset=utf-8">
[ERROR] [2022-11-23 08:56:21,574] [middleware.21] [5142] [139753055843904] <HttpResponse status_code=200, "text/html; charset=utf-8">
[ERROR] [2022-11-23 08:56:21,790] [middleware.21] [5142] [139753055843904] <HttpResponseNotFound status_code=404, "text/html; charset=utf-8">
[ERROR] [2022-11-23 08:57:13,985] [middleware.21] [5142] [139753055843904] <HttpResponse status_code=200, "text/html; charset=utf-8">
[ERROR] [2022-11-23 09:10:20,829] [middleware.21] [6008] [140657202034240] <HttpResponse status_code=200, "text/html; charset=utf-8">
[ERROR] [2022-11-23 09:10:23,136] [middleware.21] [6008] [140657202034240] <HttpResponse status_code=200, "text/html; charset=utf-8">
[ERROR] [2022-11-23 09:11:02,222] [middleware.21] [6008] [140657202034240] <HttpResponse status_code=200, "text/html; charset=utf-8">
[ERROR] [2022-11-23 09:11:02,900] [middleware.21] [6008] [140657202034240] <HttpResponse status_code=200, "text/html; charset=utf-8">
[ERROR] [2022-11-23 09:11:03,061] [middleware.21] [6008] [140657202034240] <HttpResponse status_code=200, "text/html; charset=utf-8">
[ERROR] [2022-11-23 09:11:14,536] [middleware.21] [6008] [140657202034240] <HttpResponse status_code=200, "text/html; charset=utf-8">
[ERROR] [2022-11-23 09:11:14,775] [middleware.21] [6008] [140657202034240] <HttpResponse status_code=200, "text/html; charset=utf-8">
[ERROR] [2022-11-23 09:11:24,241] [middleware.21] [6008] [140657202034240] <HttpResponse status_code=200, "text/html; charset=utf-8">
[ERROR] [2022-11-23 09:11:24,452] [middleware.21] [6008] [140657202034240] <HttpResponse status_code=200, "text/html; charset=utf-8">
[ERROR] [2022-11-23 09:11:24,599] [middleware.21] [6008] [140657202034240] <HttpResponse status_code=200, "text/html; charset=utf-8">
[ERROR] [2022-11-23 09:11:24,734] [middleware.21] [6008] [140657202034240] <HttpResponse status_code=200, "text/html; charset=utf-8">
[ERROR] [2022-11-23 09:11:24,848] [middleware.21] [6008] [140657202034240] <HttpResponse status_code=200, "text/html; charset=utf-8">
[ERROR] [2022-11-23 09:11:36,538] [middleware.21] [6008] [140657202034240] <HttpResponse status_code=200, "text/html; charset=utf-8">
[ERROR] [2022-11-23 09:11:36,904] [middleware.21] [6008] [140657202034240] <HttpResponse status_code=200, "text/html; charset=utf-8">
[ERROR] [2022-11-23 09:11:37,147] [middleware.21] [6008] [140657202034240] <HttpResponse status_code=200, "text/html; charset=utf-8">
[ERROR] [2022-11-23 09:11:37,265] [middleware.21] [6008] [140657202034240] <HttpResponse status_code=200, "text/html; charset=utf-8">
[ERROR] [2022-11-23 09:19:09,110] [middleware.21] [6727] [139755614369344] <HttpResponse status_code=200, "text/html; charset=utf-8">
[ERROR] [2022-11-23 09:19:10,086] [middleware.21] [6727] [139755614369344] <HttpResponse status_code=200, "text/html; charset=utf-8">
[ERROR] [2022-11-23 09:19:10,734] [middleware.21] [6727] [139755614369344] <HttpResponse status_code=200, "text/html; charset=utf-8">
[ERROR] [2022-11-23 09:19:32,454] [middleware.21] [6727] [139755614369344] <HttpResponse status_code=200, "text/html; charset=utf-8">
[ERROR] [2022-11-23 09:19:32,600] [middleware.21] [6727] [139755614369344] <HttpResponse status_code=200, "text/html; charset=utf-8">
[ERROR] [2022-11-23 09:19:32,736] [middleware.21] [6727] [139755614369344] <HttpResponse status_code=200, "text/html; charset=utf-8">
[ERROR] [2022-11-23 09:20:35,850] [middleware.21] [6727] [139755614369344] <HttpResponse status_code=200, "text/html; charset=utf-8">
[ERROR] [2022-11-23 09:20:36,111] [middleware.21] [6727] [139755614369344] <HttpResponse status_code=200, "text/html; charset=utf-8">
[ERROR] [2022-11-23 09:20:36,319] [middleware.21] [6727] [139755614369344] <HttpResponse status_code=200, "text/html; charset=utf-8">
[ERROR] [2022-11-23 09:20:36,586] [middleware.21] [6727] [139755614369344] <HttpResponse status_code=200, "text/html; charset=utf-8">
[ERROR] [2022-11-23 09:20:36,659] [middleware.21] [6727] [139755614369344] <HttpResponse status_code=200, "text/html; charset=utf-8">
[ERROR] [2022-11-23 09:21:06,783] [middleware.21] [6727] [139755614369344] <HttpResponse status_code=200, "text/html; charset=utf-8">
[ERROR] [2022-11-23 09:21:06,962] [middleware.21] [6727] [139755614369344] <HttpResponse status_code=200, "text/html; charset=utf-8">
[ERROR] [2022-11-23 09:21:07,110] [middleware.21] [6727] [139755614369344] <HttpResponse status_code=200, "text/html; charset=utf-8">
[ERROR] [2022-11-23 09:21:10,757] [middleware.21] [6727] [139755614369344] <HttpResponse status_code=500, "text/html; charset=utf-8">
[ERROR] [2022-11-23 09:23:37,676] [middleware.21] [6918] [140354680518208] <HttpResponse status_code=200, "text/html; charset=utf-8">
[ERROR] [2022-11-23 09:23:38,601] [middleware.21] [6918] [140354680518208] <HttpResponse status_code=200, "text/html; charset=utf-8">
[ERROR] [2022-11-23 09:23:38,762] [middleware.21] [6918] [140354680518208] <HttpResponse status_code=200, "text/html; charset=utf-8">
[ERROR] [2022-11-23 09:23:38,875] [middleware.21] [6918] [140354680518208] <HttpResponse status_code=200, "text/html; charset=utf-8">
[ERROR] [2022-11-23 09:23:46,265] [middleware.21] [6918] [140354680518208] <HttpResponse status_code=500, "text/html; charset=utf-8">
[ERROR] [2022-11-23 09:27:02,107] [middleware.21] [6918] [140354680518208] <HttpResponse status_code=200, "text/html; charset=utf-8">
[ERROR] [2022-11-23 09:27:20,396] [middleware.21] [6918] [140354680518208] <HttpResponse status_code=200, "text/html; charset=utf-8">
[ERROR] [2022-11-23 09:27:20,919] [middleware.21] [6918] [140354680518208] <HttpResponse status_code=200, "text/html; charset=utf-8">
[ERROR] [2022-11-23 09:27:21,493] [middleware.21] [6918] [140354680518208] <HttpResponse status_code=200, "text/html; charset=utf-8">
[ERROR] [2022-11-23 09:27:31,906] [middleware.21] [6918] [140354680518208] <HttpResponse status_code=500, "text/html; charset=utf-8">
[ERROR] [2022-11-23 09:27:51,907] [middleware.21] [6918] [140354680518208] <HttpResponse status_code=500, "text/html; charset=utf-8">
[ERROR] [2022-11-23 09:28:52,520] [middleware.21] [7046] [139933936252480] <HttpResponse status_code=200, "text/html; charset=utf-8">
[ERROR] [2022-11-23 09:28:53,989] [middleware.21] [7046] [139933936252480] <HttpResponse status_code=200, "text/html; charset=utf-8">
[ERROR] [2022-11-23 09:28:58,976] [middleware.21] [7046] [139933936252480] <HttpResponse status_code=500, "text/html; charset=utf-8">
[ERROR] [2022-11-23 09:30:24,448] [middleware.21] [7046] [139933936252480] <HttpResponseRedirect status_code=302, "text/html; charset=utf-8", url="/admin/login/?next=/admin/">
[ERROR] [2022-11-23 09:30:24,527] [middleware.21] [7046] [139933936252480] <TemplateResponse status_code=200, "text/html; charset=utf-8">
[ERROR] [2022-11-23 09:30:25,111] [middleware.21] [7046] [139933822989888] <HttpResponseRedirect status_code=302, "text/html; charset=utf-8", url="/admin/login/?next=/admin/">
[ERROR] [2022-11-23 09:30:25,131] [middleware.21] [7046] [139933822989888] <TemplateResponse status_code=200, "text/html; charset=utf-8">
[ERROR] [2022-11-23 09:30:27,098] [middleware.21] [7046] [139933831382592] <HttpResponseRedirect status_code=302, "text/html; charset=utf-8", url="/admin/">
[ERROR] [2022-11-23 09:30:27,144] [middleware.21] [7046] [139933831382592] <TemplateResponse status_code=200, "text/html; charset=utf-8">
[ERROR] [2022-11-23 09:30:29,909] [middleware.21] [7046] [139933831382592] <HttpResponse status_code=200, "text/html; charset=utf-8">
[ERROR] [2022-11-23 09:30:35,196] [middleware.21] [7046] [139933831382592] <HttpResponse status_code=500, "text/html; charset=utf-8">
[ERROR] [2022-11-23 09:32:08,808] [middleware.21] [7655] [140219566257728] <HttpResponse status_code=200, "text/html; charset=utf-8">
[ERROR] [2022-11-23 09:32:08,994] [middleware.21] [7655] [140219566257728] <HttpResponse status_code=200, "text/html; charset=utf-8">
[ERROR] [2022-11-23 09:39:49,277] [middleware.21] [8171] [140598993483328] <HttpResponse status_code=200, "text/html; charset=utf-8">
[ERROR] [2022-11-23 09:39:53,694] [middleware.21] [8171] [140598993483328] <HttpResponseRedirect status_code=302, "text/html; charset=utf-8", url="/">
[ERROR] [2022-11-23 09:39:53,711] [middleware.21] [8171] [140598993483328] <HttpResponse status_code=200, "text/html; charset=utf-8">
[ERROR] [2022-11-23 09:40:35,760] [middleware.21] [8171] [140598993483328] <HttpResponse status_code=500, "text/html; charset=utf-8">
[ERROR] [2022-11-23 09:41:05,962] [middleware.21] [8171] [140598993483328] <TemplateResponse status_code=200, "text/html; charset=utf-8">
[ERROR] [2022-11-23 09:41:09,149] [middleware.21] [8171] [140598993483328] <TemplateResponse status_code=200, "text/html; charset=utf-8">
[ERROR] [2022-11-23 09:41:11,357] [middleware.21] [8171] [140598993483328] <HttpResponseRedirect status_code=302, "text/html; charset=utf-8", url="/">
[ERROR] [2022-11-23 09:41:11,372] [middleware.21] [8171] [140598993483328] <HttpResponse status_code=200, "text/html; charset=utf-8">
[ERROR] [2022-11-23 09:41:19,519] [middleware.21] [8171] [140598993483328] <HttpResponseNotFound status_code=404, "text/html; charset=utf-8">
[ERROR] [2022-11-23 09:41:26,772] [middleware.21] [8171] [140598993483328] <HttpResponseNotFound status_code=404, "text/html; charset=utf-8">
[ERROR] [2022-11-23 09:41:32,582] [middleware.21] [8171] [140598993483328] <HttpResponseNotFound status_code=404, "text/html; charset=utf-8">
[ERROR] [2022-11-23 09:41:43,924] [middleware.21] [8171] [140598993483328] <HttpResponseNotFound status_code=404, "text/html; charset=utf-8">
[ERROR] [2022-11-23 09:42:00,117] [middleware.21] [8171] [140598993483328] <HttpResponseRedirect status_code=302, "text/html; charset=utf-8", url="/admin/login/?next=/admin/">
[ERROR] [2022-11-23 09:42:00,160] [middleware.21] [8171] [140598993483328] <TemplateResponse status_code=200, "text/html; charset=utf-8">
[ERROR] [2022-11-23 09:42:24,003] [middleware.21] [8171] [140598993483328] <TemplateResponse status_code=200, "text/html; charset=utf-8">
[ERROR] [2022-11-23 09:43:02,016] [middleware.21] [8171] [140598993483328] <TemplateResponse status_code=200, "text/html; charset=utf-8">
[ERROR] [2022-11-23 09:43:16,127] [middleware.21] [8171] [140598993483328] <HttpResponseRedirect status_code=302, "text/html; charset=utf-8", url="/accounts/login/">
[ERROR] [2022-11-23 09:43:16,142] [middleware.21] [8171] [140598993483328] <TemplateResponse status_code=200, "text/html; charset=utf-8">
[ERROR] [2022-11-23 09:43:31,432] [middleware.21] [8171] [140598993483328] <HttpResponseRedirect status_code=302, "text/html; charset=utf-8", url="/">
[ERROR] [2022-11-23 09:43:31,452] [middleware.21] [8171] [140598993483328] <HttpResponse status_code=200, "text/html; charset=utf-8">
[ERROR] [2022-11-23 09:43:41,043] [middleware.21] [8171] [140598993483328] <HttpResponseRedirect status_code=302, "text/html; charset=utf-8", url="/">
[ERROR] [2022-11-23 09:43:41,062] [middleware.21] [8171] [140598993483328] <HttpResponse status_code=200, "text/html; charset=utf-8">
[ERROR] [2022-11-23 09:46:15,618] [middleware.21] [8171] [140598993483328] <HttpResponse status_code=200, "text/html; charset=utf-8">
[ERROR] [2022-11-23 09:46:16,440] [middleware.21] [8171] [140598993483328] <HttpResponse status_code=200, "text/html; charset=utf-8">
[ERROR] [2022-11-23 09:46:35,758] [middleware.21] [8171] [140598993483328] <HttpResponse status_code=200, "text/html; charset=utf-8">
[ERROR] [2022-11-23 09:46:36,340] [middleware.21] [8171] [140598993483328] <HttpResponse status_code=200, "text/html; charset=utf-8">
[ERROR] [2022-11-23 09:46:42,819] [middleware.21] [8171] [140598993483328] <HttpResponse status_code=200, "text/html; charset=utf-8">
[ERROR] [2022-11-23 09:46:43,112] [middleware.21] [8171] [140598993483328] <HttpResponse status_code=200, "text/html; charset=utf-8">
[ERROR] [2022-11-23 09:46:43,330] [middleware.21] [8171] [140598993483328] <HttpResponse status_code=200, "text/html; charset=utf-8">
[ERROR] [2022-11-23 09:46:54,225] [middleware.21] [8171] [140598993483328] <HttpResponse status_code=200, "text/html; charset=utf-8">
[ERROR] [2022-11-23 09:47:28,645] [middleware.21] [8171] [140598993483328] <HttpResponse status_code=500, "text/html; charset=utf-8">
[ERROR] [2022-11-23 09:47:58,431] [middleware.21] [8171] [140598993483328] <HttpResponse status_code=200, "text/html; charset=utf-8">
[ERROR] [2022-11-23 09:48:09,007] [middleware.21] [8171] [140598993483328] <HttpResponseRedirect status_code=302, "text/html; charset=utf-8", url="/">
[ERROR] [2022-11-23 09:48:09,025] [middleware.21] [8171] [140598993483328] <HttpResponse status_code=200, "text/html; charset=utf-8">
[ERROR] [2022-11-23 09:48:09,142] [middleware.21] [8171] [140598993483328] <FileResponse status_code=200, "image/jpeg">
[ERROR] [2022-11-23 09:48:21,001] [middleware.21] [8171] [140598993483328] <HttpResponse status_code=500, "text/html; charset=utf-8">
[ERROR] [2022-11-23 09:48:33,949] [middleware.21] [8171] [140598993483328] <HttpResponse status_code=200, "text/html; charset=utf-8">
[ERROR] [2022-11-23 09:48:34,040] [middleware.21] [8171] [140598993483328] <HttpResponseNotModified status_code=304>
[ERROR] [2022-11-23 09:49:02,952] [middleware.21] [8171] [140598993483328] <HttpResponse status_code=200, "text/html; charset=utf-8">
[ERROR] [2022-11-23 09:49:03,097] [middleware.21] [8171] [140598993483328] <HttpResponseNotModified status_code=304>
[ERROR] [2022-11-23 09:49:03,806] [middleware.21] [8171] [140598993483328] <HttpResponse status_code=200, "text/html; charset=utf-8">
[ERROR] [2022-11-23 09:49:12,611] [middleware.21] [8171] [140598993483328] <HttpResponse status_code=500, "text/html; charset=utf-8">
[ERROR] [2022-11-23 09:49:34,198] [middleware.21] [8171] [140598993483328] <HttpResponse status_code=200, "text/html; charset=utf-8">
[ERROR] [2022-11-23 09:49:34,271] [middleware.21] [8171] [140598993483328] <HttpResponseNotModified status_code=304>
[ERROR] [2022-11-23 09:49:35,016] [middleware.21] [8171] [140598993483328] <HttpResponse status_code=200, "text/html; charset=utf-8">
[ERROR] [2022-11-23 09:49:35,179] [middleware.21] [8171] [140598993483328] <HttpResponse status_code=200, "text/html; charset=utf-8">
[ERROR] [2022-11-23 09:49:35,347] [middleware.21] [8171] [140598993483328] <HttpResponse status_code=200, "text/html; charset=utf-8">
[ERROR] [2022-11-23 09:49:35,490] [middleware.21] [8171] [140598993483328] <HttpResponse status_code=200, "text/html; charset=utf-8">
[ERROR] [2022-11-23 09:49:35,596] [middleware.21] [8171] [140598993483328] <HttpResponse status_code=200, "text/html; charset=utf-8">
[ERROR] [2022-11-23 09:49:35,769] [middleware.21] [8171] [140598993483328] <HttpResponse status_code=200, "text/html; charset=utf-8">
[ERROR] [2022-11-23 09:52:39,068] [middleware.21] [8171] [140598993483328] <HttpResponse status_code=200, "text/html; charset=utf-8">
[ERROR] [2022-11-23 09:52:39,251] [middleware.21] [8171] [140598993483328] <HttpResponseNotModified status_code=304>
[ERROR] [2022-11-23 09:52:39,612] [middleware.21] [8171] [140598993483328] <HttpResponse status_code=200, "text/html; charset=utf-8">
[ERROR] [2022-11-23 09:52:40,035] [middleware.21] [8171] [140598993483328] <HttpResponse status_code=200, "text/html; charset=utf-8">
[ERROR] [2022-11-23 09:52:40,187] [middleware.21] [8171] [140598993483328] <HttpResponse status_code=200, "text/html; charset=utf-8">
[ERROR] [2022-11-23 09:53:08,650] [middleware.21] [8171] [140598993483328] <HttpResponse status_code=200, "text/html; charset=utf-8">
[ERROR] [2022-11-23 09:53:08,702] [middleware.21] [8171] [140598993483328] <HttpResponseNotModified status_code=304>
[ERROR] [2022-11-23 09:53:09,128] [middleware.21] [8171] [140598993483328] <HttpResponse status_code=200, "text/html; charset=utf-8">
[ERROR] [2022-11-23 09:53:09,297] [middleware.21] [8171] [140598993483328] <HttpResponse status_code=200, "text/html; charset=utf-8">
[ERROR] [2022-11-23 09:53:09,455] [middleware.21] [8171] [140598993483328] <HttpResponse status_code=200, "text/html; charset=utf-8">
[ERROR] [2022-11-23 09:53:14,711] [middleware.21] [8171] [140598993483328] <HttpResponse status_code=200, "text/html; charset=utf-8">
